Arguments: 
  /usr/local/bin/node /usr/local/bin/yarn add webpack webpack-cli -D

PATH: 
  /usr/local/bin:/usr/bin:/bin:/usr/sbin:/sbin:/opt/X11/bin:/Library/Frameworks/Mono.framework/Versions/Current/Commands:/Users/pure:/Users/pure

Yarn version: 
  1.15.2

Node version: 
  10.15.3

Platform: 
  darwin x64

Trace: 
  Error: EINVAL: invalid argument, mkdir '/Users/pure/Desktop/叮咚/koaForDD/node_modules/pkg-fetch/node_modules'

npm manifest: 
  {
    "name": "koafordd",
    "version": "1.0.0",
    "description": "",
    "main": "lib/app.js",
    "bin": "lib/app.js",
    "scripts": {
      "test": "echo \"Error: no test specified\" && exit 1",
      "start": "tsc -w & nodemon lib/app.js ",
      "watch-server": "nodemon --watch 'src/**/*' -e ts,tsx --exec 'ts-node' app.ts",
      "deployProd": "./build/deployProd.sh",
      "pkg": "pkg . --out-path=dist/",
      "dev": "webpack --config ./config/webpack.config.development.js --watch"
    },
    "author": "",
    "license": "ISC",
    "dependencies": {
      "axios": "^0.18.0",
      "brorand": "^1.1.0",
      "koa": "^2.5.2",
      "koa-body": "^4.0.4",
      "koa-bodyparser": "^4.2.1",
      "koa-cors": "0.0.16",
      "koa-router": "^7.4.0",
      "koa-session": "^5.9.0",
      "md5": "^2.2.1",
      "monk": "^6.0.6",
      "qs": "^6.5.2",
      "tslib": "^1.9.3"
    },
    "devDependencies": {
      "babel-core": "^6.26.3",
      "babel-loader": "7.1.4",
      "babel-plugin-transform-runtime": "^6.23.0",
      "babel-preset-env": "1.7.0",
      "babel-preset-es2015": "^6.24.1",
      "babel-preset-stage-0": "^6.24.1",
      "babel-runtime": "^6.26.0",
      "externals-dependencies": "^1.0.4",
      "pkg": "^4.3.7",
      "qiniu": "^7.2.1",
      "ts-loader": "^5.3.3",
      "webassemblyjs": "^1.8.5",
      "webpack": "4.8.3",
      "webpack-cli": "^3.3.0",
      "webpack-dev-server": "3.1.4"
    }
  }

yarn manifest: 
  No manifest

Lockfile: 
  No lockfile
